# JRE version: OpenJDK Runtime Environment (8.0_112-b06) (build 1.8.0_112-release-b06)
# Java VM: OpenJDK 64-Bit Server VM (25.112-b06 mixed mode windows-amd64 compressed oops)
Heap:
 PSYoungGen      total 351744K, used 275633K [0x00000000e0000000, 0x00000000f7b80000, 0x0000000100000000)
  eden space 334336K, 80% used [0x00000000e0000000,0x00000000f062c538,0x00000000f4680000)
  from space 17408K, 41% used [0x00000000f6a80000,0x00000000f7180190,0x00000000f7b80000)
  to   space 27136K, 0% used [0x00000000f4680000,0x00000000f4680000,0x00000000f6100000)
 ParOldGen       total 315392K, used 79967K [0x00000000a0000000, 0x00000000b3400000, 0x00000000e0000000)
  object space 315392K, 25% used [0x00000000a0000000,0x00000000a4e17c30,0x00000000b3400000)
 Metaspace       used 78023K, capacity 85012K, committed 85120K, reserved 1124352K
  class space    used 9896K, capacity 10831K, committed 10880K, reserved 1048576K
GC Heap History (10 events):
Event: 16917.316 GC heap before
{Heap before GC invocations=37 (full 3):
 PSYoungGen      total 410624K, used 410126K [0x00000000e0000000, 0x00000000fb580000, 0x0000000100000000)
  eden space 385536K, 100% used [0x00000000e0000000,0x00000000f7880000,0x00000000f7880000)
  from space 25088K, 98% used [0x00000000f8400000,0x00000000f9c03ab0,0x00000000f9c80000)
  to   space 25600K, 0% used [0x00000000f9c80000,0x00000000f9c80000,0x00000000fb580000)
 ParOldGen       total 315392K, used 79951K [0x00000000a0000000, 0x00000000b3400000, 0x00000000e0000000)
  object space 315392K, 25% used [0x00000000a0000000,0x00000000a4e13c30,0x00000000b3400000)
 Metaspace       used 77416K, capacity 83896K, committed 84096K, reserved 1122304K
  class space    used 9823K, capacity 10755K, committed 10880K, reserved 1048576K
Event: 16917.334 GC heap after
Heap after GC invocations=37 (full 3):
 PSYoungGen      total 386560K, used 10152K [0x00000000e0000000, 0x00000000fa880000, 0x0000000100000000)
  eden space 374272K, 0% used [0x00000000e0000000,0x00000000e0000000,0x00000000f6d80000)
  from space 12288K, 82% used [0x00000000f9c80000,0x00000000fa66a3a0,0x00000000fa880000)
  to   space 30208K, 0% used [0x00000000f6d80000,0x00000000f6d80000,0x00000000f8b00000)
 ParOldGen       total 315392K, used 79951K [0x00000000a0000000, 0x00000000b3400000, 0x00000000e0000000)
  object space 315392K, 25% used [0x00000000a0000000,0x00000000a4e13c30,0x00000000b3400000)
 Metaspace       used 77416K, capacity 83896K, committed 84096K, reserved 1122304K
  class space    used 9823K, capacity 10755K, committed 10880K, reserved 1048576K
}
Event: 17172.516 GC heap before
{Heap before GC invocations=38 (full 3):
 PSYoungGen      total 386560K, used 384424K [0x00000000e0000000, 0x00000000fa880000, 0x0000000100000000)
  eden space 374272K, 100% used [0x00000000e0000000,0x00000000f6d80000,0x00000000f6d80000)
  from space 12288K, 82% used [0x00000000f9c80000,0x00000000fa66a3a0,0x00000000fa880000)
  to   space 30208K, 0% used [0x00000000f6d80000,0x00000000f6d80000,0x00000000f8b00000)
 ParOldGen       total 315392K, used 79951K [0x00000000a0000000, 0x00000000b3400000, 0x00000000e0000000)
  object space 315392K, 25% used [0x00000000a0000000,0x00000000a4e13c30,0x00000000b3400000)
 Metaspace       used 77586K, capacity 84206K, committed 84352K, reserved 1122304K
  class space    used 9845K, capacity 10782K, committed 10880K, reserved 1048576K
Event: 17172.531 GC heap after
Heap after GC invocations=38 (full 3):
 PSYoungGen      total 376320K, used 12789K [0x00000000e0000000, 0x00000000f9d00000, 0x0000000100000000)
  eden space 363520K, 0% used [0x00000000e0000000,0x00000000e0000000,0x00000000f6300000)
  from space 12800K, 99% used [0x00000000f6d80000,0x00000000f79fd748,0x00000000f7a00000)
  to   space 29184K, 0% used [0x00000000f8080000,0x00000000f8080000,0x00000000f9d00000)
 ParOldGen       total 315392K, used 79959K [0x00000000a0000000, 0x00000000b3400000, 0x00000000e0000000)
  object space 315392K, 25% used [0x00000000a0000000,0x00000000a4e15c30,0x00000000b3400000)
 Metaspace       used 77586K, capacity 84206K, committed 84352K, reserved 1122304K
  class space    used 9845K, capacity 10782K, committed 10880K, reserved 1048576K
}
Event: 17209.154 GC heap before
{Heap before GC invocations=39 (full 3):
 PSYoungGen      total 376320K, used 376309K [0x00000000e0000000, 0x00000000f9d00000, 0x0000000100000000)
  eden space 363520K, 100% used [0x00000000e0000000,0x00000000f6300000,0x00000000f6300000)
  from space 12800K, 99% used [0x00000000f6d80000,0x00000000f79fd748,0x00000000f7a00000)
  to   space 29184K, 0% used [0x00000000f8080000,0x00000000f8080000,0x00000000f9d00000)
 ParOldGen       total 315392K, used 79959K [0x00000000a0000000, 0x00000000b3400000, 0x00000000e0000000)
  object space 315392K, 25% used [0x00000000a0000000,0x00000000a4e15c30,0x00000000b3400000)
 Metaspace       used 77741K, capacity 84456K, committed 84608K, reserved 1122304K
  class space    used 9863K, capacity 10799K, committed 10880K, reserved 1048576K
Event: 17209.166 GC heap after
Heap after GC invocations=39 (full 3):
 PSYoungGen      total 370176K, used 7680K [0x00000000e0000000, 0x00000000f9100000, 0x0000000100000000)
  eden space 353280K, 0% used [0x00000000e0000000,0x00000000e0000000,0x00000000f5900000)
  from space 16896K, 45% used [0x00000000f8080000,0x00000000f8800020,0x00000000f9100000)
  to   space 28672K, 0% used [0x00000000f5900000,0x00000000f5900000,0x00000000f7500000)
 ParOldGen       total 315392K, used 79967K [0x00000000a0000000, 0x00000000b3400000, 0x00000000e0000000)
  object space 315392K, 25% used [0x00000000a0000000,0x00000000a4e17c30,0x00000000b3400000)
 Metaspace       used 77741K, capacity 84456K, committed 84608K, reserved 1122304K
  class space    used 9863K, capacity 10799K, committed 10880K, reserved 1048576K
}
Event: 17550.028 GC heap before
{Heap before GC invocations=40 (full 3):
 PSYoungGen      total 370176K, used 360960K [0x00000000e0000000, 0x00000000f9100000, 0x0000000100000000)
  eden space 353280K, 100% used [0x00000000e0000000,0x00000000f5900000,0x00000000f5900000)
  from space 16896K, 45% used [0x00000000f8080000,0x00000000f8800020,0x00000000f9100000)
  to   space 28672K, 0% used [0x00000000f5900000,0x00000000f5900000,0x00000000f7500000)
 ParOldGen       total 315392K, used 79967K [0x00000000a0000000, 0x00000000b3400000, 0x00000000e0000000)
  object space 315392K, 25% used [0x00000000a0000000,0x00000000a4e17c30,0x00000000b3400000)
 Metaspace       used 77824K, capacity 84552K, committed 84864K, reserved 1124352K
  class space    used 9872K, capacity 10807K, committed 10880K, reserved 1048576K
Event: 17550.041 GC heap after
Heap after GC invocations=40 (full 3):
 PSYoungGen      total 354304K, used 10682K [0x00000000e0000000, 0x00000000f8580000, 0x0000000100000000)
  eden space 343552K, 0% used [0x00000000e0000000,0x00000000e0000000,0x00000000f4f80000)
  from space 10752K, 99% used [0x00000000f5900000,0x00000000f636ea30,0x00000000f6380000)
  to   space 27648K, 0% used [0x00000000f6a80000,0x00000000f6a80000,0x00000000f8580000)
 ParOldGen       total 315392K, used 79967K [0x00000000a0000000, 0x00000000b3400000, 0x00000000e0000000)
  object space 315392K, 25% used [0x00000000a0000000,0x00000000a4e17c30,0x00000000b3400000)
 Metaspace       used 77824K, capacity 84552K, committed 84864K, reserved 1124352K
  class space    used 9872K, capacity 10807K, committed 10880K, reserved 1048576K
}
Event: 18143.565 GC heap before
{Heap before GC invocations=41 (full 3):
 PSYoungGen      total 354304K, used 354234K [0x00000000e0000000, 0x00000000f8580000, 0x0000000100000000)
  eden space 343552K, 100% used [0x00000000e0000000,0x00000000f4f80000,0x00000000f4f80000)
  from space 10752K, 99% used [0x00000000f5900000,0x00000000f636ea30,0x00000000f6380000)
  to   space 27648K, 0% used [0x00000000f6a80000,0x00000000f6a80000,0x00000000f8580000)
 ParOldGen       total 315392K, used 79967K [0x00000000a0000000, 0x00000000b3400000, 0x00000000e0000000)
  object space 315392K, 25% used [0x00000000a0000000,0x00000000a4e17c30,0x00000000b3400000)
 Metaspace       used 77942K, capacity 84860K, committed 85120K, reserved 1124352K
  class space    used 9888K, capacity 10823K, committed 10880K, reserved 1048576K
Event: 18143.576 GC heap after
Heap after GC invocations=41 (full 3):
 PSYoungGen      total 351744K, used 7168K [0x00000000e0000000, 0x00000000f7b80000, 0x0000000100000000)
  eden space 334336K, 0% used [0x00000000e0000000,0x00000000e0000000,0x00000000f4680000)
  from space 17408K, 41% used [0x00000000f6a80000,0x00000000f7180190,0x00000000f7b80000)
  to   space 27136K, 0% used [0x00000000f4680000,0x00000000f4680000,0x00000000f6100000)
 ParOldGen       total 315392K, used 79967K [0x00000000a0000000, 0x00000000b3400000, 0x00000000e0000000)
  object space 315392K, 25% used [0x00000000a0000000,0x00000000a4e17c30,0x00000000b3400000)
 Metaspace       used 77942K, capacity 84860K, committed 85120K, reserved 1124352K
  class space    used 9888K, capacity 10823K, committed 10880K, reserved 1048576K
}

